[0m[1mInitializing the backend...[0m
[0m[1mInitializing provider plugins...[0m
- Reusing previous version of hashicorp/random from the dependency lock file
- Reusing previous version of hashicorp/aws from the dependency lock file
- Using previously-installed hashicorp/random v3.7.1
- Using previously-installed hashicorp/aws v4.67.0

[0m[1m[32mTerraform has been successfully initialized![0m[32m[0m
[0m[32m
You may now begin working with Terraform. Try running "terraform plan" to see
any changes that are required for your infrastructure. All Terraform commands
should now work.

If you ever set or change modules or backend configuration for Terraform,
rerun this command to reinitialize your working directory. If you forget, other
commands will detect it and remind you to do so if necessary.[0m
[0m[1mrandom_id.sg_suffix: Refreshing state... [id=9PE][0m
[0m[1mdata.aws_vpc.default: Reading...[0m[0m
[0m[1mdata.aws_vpc.default: Read complete after 1s [id=vpc-00b6d3cf9dd2e1018][0m
[0m[1maws_security_group.myapp_sg: Refreshing state... [id=sg-0573221e77fcd05ef][0m
[0m[1maws_instance.myapp: Refreshing state... [id=i-0211803fdc35c7855][0m

[0m[1m[32mNo changes.[0m[1m Your infrastructure matches the configuration.[0m

[0mTerraform has compared your real infrastructure against your configuration
and found no differences, so no changes are needed.
[0m[1m[32m
Apply complete! Resources: 0 added, 0 changed, 0 destroyed.
[0m[0m[1m[32m
Outputs:

[0minstance_id = "i-0211803fdc35c7855"
instance_public_ip = "13.40.186.136"
⚡ Recommended AWS Region (lowest carbon): eu-west-2 (London)
✅ Running in auto mode. Proceeding with deployment.
✅ Updated Terraform variables: Region=eu-west-2, Deployment_ID=1741473400

🔄 Running Terraform deployment in: /home/admin/venv/CarbonAware-Redeployment/terraform
✅ Terraform deployment complete!
✅ New instance deployed at: http://13.40.186.136
[0m[1mInitializing the backend...[0m
[0m[1mInitializing provider plugins...[0m
- Reusing previous version of hashicorp/aws from the dependency lock file
- Reusing previous version of hashicorp/random from the dependency lock file
- Using previously-installed hashicorp/random v3.7.1
- Using previously-installed hashicorp/aws v4.67.0

[0m[1m[32mTerraform has been successfully initialized![0m[32m[0m
[0m[32m
You may now begin working with Terraform. Try running "terraform plan" to see
any changes that are required for your infrastructure. All Terraform commands
should now work.

If you ever set or change modules or backend configuration for Terraform,
rerun this command to reinitialize your working directory. If you forget, other
commands will detect it and remind you to do so if necessary.[0m
[0m[1mrandom_id.sg_suffix: Refreshing state... [id=9PE][0m
[0m[1mdata.aws_vpc.default: Reading...[0m[0m
[0m[1mdata.aws_vpc.default: Read complete after 0s [id=vpc-00b6d3cf9dd2e1018][0m
[0m[1maws_security_group.myapp_sg: Refreshing state... [id=sg-0573221e77fcd05ef][0m
[0m[1maws_instance.myapp: Refreshing state... [id=i-0211803fdc35c7855][0m

[0m[1m[32mNo changes.[0m[1m Your infrastructure matches the configuration.[0m

[0mTerraform has compared your real infrastructure against your configuration
and found no differences, so no changes are needed.
[0m[1m[32m
Apply complete! Resources: 0 added, 0 changed, 0 destroyed.
[0m[0m[1m[32m
Outputs:

[0minstance_id = "i-0211803fdc35c7855"
instance_public_ip = "13.40.186.136"
⚡ Recommended AWS Region (lowest carbon): eu-west-2 (London)
✅ Running in auto mode. Proceeding with deployment.
✅ Updated Terraform variables: Region=eu-west-2, Deployment_ID=1741473420

🔄 Running Terraform deployment in: /home/admin/venv/CarbonAware-Redeployment/terraform
✅ Terraform deployment complete!
✅ New instance deployed at: http://13.40.186.136
[0m[1mInitializing the backend...[0m
⚡ Recommended AWS Region (lowest carbon): eu-west-2 (London)
✅ Running in auto mode. Proceeding with deployment.
✅ Updated Terraform variables: Region=eu-west-2, Deployment_ID=1741473436

🔄 Running Terraform deployment in: /home/admin/venv/CarbonAware-Redeployment/terraform
Traceback (most recent call last):
  File "/home/admin/venv/CarbonAware-Redeployment/redeploy-auto.py", line 117, in <module>
    deploy()
  File "/home/admin/venv/CarbonAware-Redeployment/redeploy-auto.py", line 105, in deploy
    run_terraform()
  File "/home/admin/venv/CarbonAware-Redeployment/redeploy-auto.py", line 84, in run_terraform
    subprocess.run(["terraform", "init"], cwd=TERRAFORM_DIR, check=True)
  File "/usr/lib/python3.11/subprocess.py", line 550, in run
    stdout, stderr = process.communicate(input, timeout=timeout)
                     ^^^^^^^^^^^^^^^^^^^^^^^^^^^^^^^^^^^^^^^^^^^
  File "/usr/lib/python3.11/subprocess.py", line 1199, in communicate
    self.wait()
  File "/usr/lib/python3.11/subprocess.py", line 1262, in wait
    return self._wait(timeout=timeout)
           ^^^^^^^^^^^^^^^^^^^^^^^^^^^
  File "/usr/lib/python3.11/subprocess.py", line 1997, in _wait
    (pid, sts) = self._try_wait(0)
                 ^^^^^^^^^^^^^^^^^
  File "/usr/lib/python3.11/subprocess.py", line 1955, in _try_wait
    (pid, sts) = os.waitpid(self.pid, wait_flags)
                 ^^^^^^^^^^^^^^^^^^^^^^^^^^^^^^^^
KeyboardInterrupt
